
 LIST ALL SELECTED ELEMENTS.  (LIST NODES)
 
    ELEM MAT TYP REL ESY SEC        NODES
 
       1   1   1   1   0   1     72    28    24    24    73    73    73    73
       2   1   1   1   0   1     28    37    24    24    73    73    73    73
       3   1   1   1   0   1     70    36    28    28    73    73    73    73
       4   1   1   1   0   1     36    37    28    28    73    73    73    73
       5   1   1   1   0   1     70    41    36    36    73    73    73    73
       6   1   1   1   0   1     41    40    36    36    73    73    73    73
       7   1   1   1   0   1     76    39    41    41    73    73    73    73
       8   1   1   1   0   1     39    40    41    41    73    73    73    73
       9   1   1   1   0   1     70    73    76    76    41    41    41    41
      10   1   1   1   0   1     40    73    37    37    36    36    36    36
      11   1   1   1   0   1     70    28    72    72    73    73    73    73
      12   1   1   1   0   1     42    59    43    43    84    84    84    84
      13   1   1   1   0   1     59    81    43    43    84    84    84    84
      14   1   1   1   0   1     81    59    50    50    84    84    84    84
      15   1   1   1   0   1     59    42    50    50    84    84    84    84
      16   1   1   1   0   1     37    73    23    23    24    24    24    24
      17   1   1   1   0   1     73    75    23    23    24    24    24    24
      18   1   1   1   0   1     75    72    24    24    73    73    73    73
      19   1   1   1   0   1     42    43     9     9    84    84    84    84
      20   1   1   1   0   1     43    82     9     9    84    84    84    84
 
    ELEM MAT TYP REL ESY SEC        NODES
 
      21   1   1   1   0   1     82    81    84    84    43    43    43    43
      22   1   1   1   0   1     58    53    75    75    83    83    83    83
      23   1   1   1   0   1     53    72    75    75    83    83    83    83
      24   1   1   1   0   1     72    68    83    83    53    53    53    53
      25   1   1   1   0   1     68    62    83    83    53    53    53    53
      26   1   1   1   0   1     72    52    68    68    53    53    53    53
      27   1   1   1   0   1     68    52    62    62    53    53    53    53
      28   1   1   1   0   1     83    62    58    58    53    53    53    53
      29   1   1   1   0   1     17    18    76    76    84    84    84    84
      30   1   1   1   0   1     18    82    76    76    84    84    84    84
      31   1   1   1   0   1     82    18     9     9    84    84    84    84
      32   1   1   1   0   1     18    17     9     9    84    84    84    84
      33   1   1   1   0   1     68    81    50    50    67    67    67    67
      34   1   1   1   0   1     81    84    50    50    67    67    67    67
      35   1   1   1   0   1     81    69    84    84    67    67    67    67
      36   1   1   1   0   1     68    67    71    71    81    81    81    81
      37   1   1   1   0   1     67    69    71    71    81    81    81    81
      38   1   1   1   0   1      5    77    21    21     2     2     2     2
      39   1   1   1   0   1     77    78    21    21     2     2     2     2
      40   1   1   1   0   1     79    46     2     2    77    77    77    77
 
    ELEM MAT TYP REL ESY SEC        NODES
 
      41   1   1   1   0   1     46     5     2     2    77    77    77    77
      42   1   1   1   0   1     79    78    77    77     2     2     2     2
      43   1   1   1   0   1     65    83    64    64    66    66    66    66
      44   1   1   1   0   1     83    81    64    64    66    66    66    66
      45   1   1   1   0   1     68    62    66    66    83    83    83    83
      46   1   1   1   0   1     62    65    66    66    83    83    83    83
      47   1   1   1   0   1     68    66    81    81    83    83    83    83
      48   1   1   1   0   1     70    72    71    71    73    73    73    73
      49   1   1   1   0   1     72    74    71    71    73    73    73    73
      50   1   1   1   0   1     74    75    73    73    72    72    72    72
      51   1   1   1   0   1     69    84    67    67    70    70    70    70
      52   1   1   1   0   1     84    25    67    67    70    70    70    70
      53   1   1   1   0   1     25    84    76    76    70    70    70    70
      54   1   1   1   0   1     84    69    76    76    70    70    70    70
      55   1   1   1   0   1     67    84    50    50    11    11    11    11
      56   1   1   1   0   1     84    12    50    50    11    11    11    11
      57   1   1   1   0   1     67    11    25    25    84    84    84    84
      58   1   1   1   0   1     11    12    25    25    84    84    84    84
      59   1   1   1   0   1      6    84    42    42     9     9     9     9
      60   1   1   1   0   1     84     6    17    17     9     9     9     9
 
    ELEM MAT TYP REL ESY SEC        NODES
 
      61   1   1   1   0   1     54    81    55    55    44    44    44    44
      62   1   1   1   0   1     81    79    55    55    44    44    44    44
      63   1   1   1   0   1     82    43    44    44    81    81    81    81
      64   1   1   1   0   1     43    54    44    44    81    81    81    81
      65   1   1   1   0   1     44    79    82    82    81    81    81    81
      66   1   1   1   0   1     54    59    81    81    43    43    43    43
      67   1   1   1   0   1     82    19    18    18    76    76    76    76
      68   1   1   1   0   1     19    30    18    18    76    76    76    76
      69   1   1   1   0   1     30    31    76    76    19    19    19    19
      70   1   1   1   0   1     31    78    76    76    19    19    19    19
      71   1   1   1   0   1     19    82    78    78    76    76    76    76
      72   1   1   1   0   1     79    80    82    82    81    81    81    81
      73   1   1   1   0   1     80    79    83    83    81    81    81    81
      74   1   1   1   0   1     79    55    83    83    81    81    81    81
      75   1   1   1   0   1     29    76    25    25    17    17    17    17
      76   1   1   1   0   1     76    84    25    25    17    17    17    17
      77   1   1   1   0   1     69    84    82    82    81    81    81    81
      78   1   1   1   0   1     69    82    84    84    76    76    76    76
      79   1   1   1   0   1     78    76    73    73    31    31    31    31
      80   1   1   1   0   1     76    39    73    73    31    31    31    31
 
    ELEM MAT TYP REL ESY SEC        NODES
 
      81   1   1   1   0   1     74    83    72    72    71    71    71    71
      82   1   1   1   0   1     83    68    72    72    71    71    71    71
      83   1   1   1   0   1     69    82    71    71    81    81    81    81
      84   1   1   1   0   1     82    80    71    71    81    81    81    81
      85   1   1   1   0   1     79    83    55    55    46    46    46    46
      86   1   1   1   0   1     83    56    55    55    46    46    46    46
      87   1   1   1   0   1     74    83    75    75    72    72    72    72
      88   1   1   1   0   1      8    44     7     7    82    82    82    82
      89   1   1   1   0   1     44    79     7     7    82    82    82    82
      90   1   1   1   0   1     78    73    21    21    31    31    31    31
      91   1   1   1   0   1     73    32    21    21    31    31    31    31
      92   1   1   1   0   1     67    70    25    25    26    26    26    26
      93   1   1   1   0   1     72    15    16    16    53    53    53    53
      94   1   1   1   0   1     67    11    26    26    25    25    25    25
      95   1   1   1   0   1     77    48     4     4     3     3     3     3
      96   1   1   1   0   1     68    51    50    50    60    60    60    60
      97   1   1   1   0   1     68    81    66    66    60    60    60    60
      98   1   1   1   0   1     81    64    66    66    63    63    63    63
      99   1   1   1   0   1     77     4    22    22    23    23    23    23
     100   1   1   1   0   1     75    48    49    49    58    58    58    58
 
    ELEM MAT TYP REL ESY SEC        NODES
 
     101   1   1   1   0   1     77    21    22    22     5     5     5     5
     102   1   1   1   0   1     76    30    18    18    29    29    29    29
     103   1   1   1   0   1     83    64    55    55    56    56    56    56
     104   1   1   1   0   1     82     8    18    18    19    19    19    19
     105   1   1   1   0   1     70    76    71    71    69    69    69    69
     106   1   1   1   0   1     72    75    14    14    53    53    53    53
     107   1   1   1   0   1     84    17    13    13    12    12    12    12
     108   1   1   1   0   1     75    24     3     3    23    23    23    23
     109   1   1   1   0   1     77    83    48    48    75    75    75    75
     110   1   1   1   0   1     67    27    26    26    10    10    10    10
     111   1   1   1   0   1     68    61    66    66    62    62    62    62
     112   1   1   1   0   1     73    39    32    32    31    31    31    31
     113   1   1   1   0   1     70    25    26    26    34    34    34    34
     114   1   1   1   0   1     70    34    26    26    35    35    35    35
     115   1   1   1   0   1     73    33    37    37    23    23    23    23
     116   1   1   1   0   1     76    34    38    38    29    29    29    29
     117   1   1   1   0   1     84    25    17    17    12    12    12    12
     118   1   1   1   0   1     76    38    41    41    39    39    39    39
     119   1   1   1   0   1     83    48    75    75    58    58    58    58
     120   1   1   1   0   1     70    27    36    36    35    35    35    35
 
    ELEM MAT TYP REL ESY SEC        NODES
 
     121   1   1   1   0   1     73    37    33    33    40    40    40    40
     122   1   1   1   0   1     73    71    76    76    78    78    78    78
     123   1   1   1   0   1     73    22    33    33    23    23    23    23
     124   1   1   1   0   1     70    36    41    41    35    35    35    35
     125   1   1   1   0   1     70    76    25    25    34    34    34    34
     126   1   1   1   0   1     78    21     2     2    20    20    20    20
     127   1   1   1   0   1     79    78     7     7    82    82    82    82
     128   1   1   1   0   1     67    10    11    11    51    51    51    51
     129   1   1   1   0   1     80    78    82    82    71    71    71    71
     130   1   1   1   0   1     78    20    19    19    31    31    31    31
     131   1   1   1   0   1     78    20     7     7    19    19    19    19
     132   1   1   1   0   1     72    15    14    14    24    24    24    24
     133   1   1   1   0   1     73    21    32    32    22    22    22    22
     134   1   1   1   0   1     67    10    26    26    11    11    11    11
     135   1   1   1   0   1     77     4    47    47     5     5     5     5
     136   1   1   1   0   1     78     2     7     7    20    20    20    20
     137   1   1   1   0   1     79     7     2     2    45    45    45    45
     138   1   1   1   0   1     77    23     3     3     4     4     4     4
     139   1   1   1   0   1     75    24    14    14     1     1     1     1
     140   1   1   1   0   1     75    14    49    49     1     1     1     1
 
    ELEM MAT TYP REL ESY SEC        NODES
 
     141   1   1   1   0   1     72    16    15    15    28    28    28    28
     142   1   1   1   0   1     67    52    16    16    10    10    10    10
     143   1   1   1   0   1     82     9    18    18     8     8     8     8
     144   1   1   1   0   1     82    43     9     9     8     8     8     8
     145   1   1   1   0   1     75     3    24    24     1     1     1     1
     146   1   1   1   0   1     75    49     3     3     1     1     1     1
     147   1   1   1   0   1     77     4     5     5    22    22    22    22
     148   1   1   1   0   1     82    19     7     7     8     8     8     8
     149   1   1   1   0   1     70    26    27    27    35    35    35    35
     150   1   1   1   0   1     75    49    14    14    53    53    53    53
     151   1   1   1   0   1     75    48     3     3    49    49    49    49
     152   1   1   1   0   1     75    58    49    49    53    53    53    53
     153   1   1   1   0   1     70    41    34    34    35    35    35    35
     154   1   1   1   0   1     79    45    44    44     7     7     7     7
     155   1   1   1   0   1     83    81    68    68    71    71    71    71
     156   1   1   1   0   1     67    52    10    10    51    51    51    51
     157   1   1   1   0   1     81    59    54    54    63    63    63    63
     158   1   1   1   0   1     83    65    57    57    58    58    58    58
     159   1   1   1   0   1     81    64    63    63    54    54    54    54
     160   1   1   1   0   1     81    54    55    55    64    64    64    64
 
    ELEM MAT TYP REL ESY SEC        NODES
 
     161   1   1   1   0   1     68    51    60    60    61    61    61    61
     162   1   1   1   0   1     68    66    61    61    60    60    60    60
     163   1   1   1   0   1     83    64    56    56    65    65    65    65
     164   1   1   1   0   1     82     8    44    44    43    43    43    43
     165   1   1   1   0   1     81    50    59    59    60    60    60    60
     166   1   1   1   0   1     81    60    63    63    66    66    66    66
     167   1   1   1   0   1     77    83    75    75    74    74    74    74
     168   1   1   1   0   1     72    53    16    16    52    52    52    52
     169   1   1   1   0   1     83    57    56    56    47    47    47    47
     170   1   1   1   0   1     77    47     4     4    48    48    48    48
     171   1   1   1   0   1     83    46    47    47    56    56    56    56
     172   1   1   1   0   1     77    47    46    46     5     5     5     5
     173   1   1   1   0   1     79    45     2     2    46    46    46    46
     174   1   1   1   0   1     79    46    55    55    45    45    45    45
     175   1   1   1   0   1     79    55    44    44    45    45    45    45
     176   1   1   1   0   1     84     6    42    42    13    13    13    13
     177   1   1   1   0   1     77    23    75    75     3     3     3     3
     178   1   1   1   0   1     84    12    42    42    50    50    50    50
     179   1   1   1   0   1     76    41    38    38    34    34    34    34
     180   1   1   1   0   1     67    11    50    50    51    51    51    51
 
    ELEM MAT TYP REL ESY SEC        NODES
 
     181   1   1   1   0   1     83    57    65    65    56    56    56    56
     182   1   1   1   0   1     72    28    27    27    16    16    16    16
     183   1   1   1   0   1     83    65    58    58    62    62    62    62
     184   1   1   1   0   1     84    12    13    13    42    42    42    42
     185   1   1   1   0   1     68    52    61    61    62    62    62    62
     186   1   1   1   0   1     68    61    52    52    51    51    51    51
     187   1   1   1   0   1     77    78    80    80    71    71    71    71
     188   1   1   1   0   1     83    58    57    57    48    48    48    48
     189   1   1   1   0   1     72    15    53    53    14    14    14    14
     190   1   1   1   0   1     83    80    81    81    71    71    71    71
     191   1   1   1   0   1     72    28    15    15    24    24    24    24
     192   1   1   1   0   1     83    47    48    48    57    57    57    57
     193   1   1   1   0   1     77    83    47    47    48    48    48    48
     194   1   1   1   0   1     78    31    21    21    20    20    20    20
     195   1   1   1   0   1     76    30    29    29    38    38    38    38
     196   1   1   1   0   1     76    18    17    17    29    29    29    29
     197   1   1   1   0   1     79    82    80    80    78    78    78    78
     198   1   1   1   0   1     76    31    30    30    39    39    39    39
     199   1   1   1   0   1     84    13    17    17     6     6     6     6
     200   1   1   1   0   1     73    39    40    40    32    32    32    32
 
    ELEM MAT TYP REL ESY SEC        NODES
 
     201   1   1   1   0   1     73    32    33    33    22    22    22    22
     202   1   1   1   0   1     76    30    38    38    39    39    39    39
     203   1   1   1   0   1     77     3    75    75    48    48    48    48
     204   1   1   1   0   1     78    82    19    19     7     7     7     7
     205   1   1   1   0   1     73    32    40    40    33    33    33    33
     206   1   1   1   0   1     79    46    77    77    83    83    83    83
     207   1   1   1   0   1     76    25    34    34    29    29    29    29
     208   1   1   1   0   1     72    28    70    70    27    27    27    27
     209   1   1   1   0   1     70    27    28    28    36    36    36    36
     210   1   1   1   0   1     73    77    75    75    74    74    74    74
     211   1   1   1   0   1     76    82    78    78    71    71    71    71
     212   1   1   1   0   1     70    41    76    76    34    34    34    34
     213   1   1   1   0   1     67    16    27    27    10    10    10    10
     214   1   1   1   0   1     72    75    24    24    14    14    14    14
     215   1   1   1   0   1     68    81    60    60    50    50    50    50
     216   1   1   1   0   1     76    69    82    82    71    71    71    71
     217   1   1   1   0   1     67    72    68    68    71    71    71    71
     218   1   1   1   0   1     67    72    52    52    68    68    68    68
     219   1   1   1   0   1     67    72    70    70    27    27    27    27
     220   1   1   1   0   1     77    83    74    74    71    71    71    71
 
    ELEM MAT TYP REL ESY SEC        NODES
 
     221   1   1   1   0   1     83    64    81    81    55    55    55    55
     222   1   1   1   0   1     77    47    83    83    46    46    46    46
     223   1   1   1   0   1     73    77    78    78    21    21    21    21
     224   1   1   1   0   1     79    77    78    78    80    80    80    80
     225   1   1   1   0   1     73    77    74    74    71    71    71    71
     226   1   1   1   0   1     77    83    71    71    80    80    80    80
     227   1   1   1   0   1     73    22    77    77    21    21    21    21
     228   1   1   1   0   1     79     7    78    78     2     2     2     2
     229   1   1   1   0   1     79    77    80    80    83    83    83    83
     230   1   1   1   0   1     81    63    60    60    59    59    59    59
     231   1   1   1   0   1     73    70    76    76    71    71    71    71
     232   1   1   1   0   1     73    77    71    71    78    78    78    78
     233   1   1   1   0   1     73    75    77    77    23    23    23    23
     234   1   1   1   0   1     73    77    22    22    23    23    23    23
     235   1   1   1   0   1     67    72    71    71    70    70    70    70
     236   1   1   1   0   1     67    68    52    52    51    51    51    51
     237   1   1   1   0   1     67    52    72    72    16    16    16    16
     238   1   1   1   0   1     67    27    70    70    26    26    26    26
     239   1   1   1   0   1     67    16    72    72    27    27    27    27
     240   1   1   1   0   1     67    69    70    70    71    71    71    71
 
    ELEM MAT TYP REL ESY SEC        NODES
 
     241   1   1   1   0   1     67    68    51    51    50    50    50    50


