
 LIST ALL SELECTED NODES.   DSYS=  0
 SORT TABLE ON  NODE  NODE  NODE

   NODE        X                   Y                   Z
       1    0.000000000000E+00  0.000000000000E+00 -0.500000000000    
       2   -0.500000000000      0.612303176911E-16  0.000000000000E+00
       3   -0.191341716146      0.234318281343E-16 -0.461939766271    
       4   -0.353553390486      0.432963728404E-16 -0.353553390701    
       5   -0.461939766182      0.565694372750E-16 -0.191341716360    
       6    0.000000000000E+00  0.000000000000E+00  0.500000000000    
       7   -0.461939766271      0.565694372859E-16  0.191341716146    
       8   -0.353553390650      0.432963728605E-16  0.353553390537    
       9   -0.191341716293      0.234318281523E-16  0.461939766210    
      10    0.500000000000      0.000000000000E+00  0.000000000000E+00
      11    0.461939766271      0.000000000000E+00  0.191341716146    
      12    0.353553390650      0.000000000000E+00  0.353553390537    
      13    0.191341716293      0.000000000000E+00  0.461939766210    
      14    0.191341716146      0.000000000000E+00 -0.461939766271    
      15    0.353553390486      0.000000000000E+00 -0.353553390701    
      16    0.461939766182      0.000000000000E+00 -0.191341716360    
      17    0.108571871885      0.140729424906      0.467340751060    
      18   -0.180741577213      0.191382340534      0.425094438917    
      19   -0.372329796248      0.198321507008      0.268401010959    
      20   -0.462616354308      0.160719301360      0.100774078496    

   NODE        X                   Y                   Z
      21   -0.447792187930      0.207337837421     -0.805802556589E-01
      22   -0.347916196611      0.221090231533     -0.282972489222    
      23   -0.166006528133      0.200877632854     -0.426720059566    
      24    0.976854164067E-01  0.124642392530     -0.474259247043    
      25    0.302656685982      0.198913508345      0.344720679143    
      26    0.425064992091      0.222745825681      0.140371113982    
      27    0.440001972608      0.224315705844     -0.779790241845E-01
      28    0.332306733501      0.210244427467     -0.308819551825    
      29    0.512106683355E-01  0.327437695867      0.374382188110    
      30   -0.190293741549      0.370124840905      0.277120721116    
      31   -0.354701589551      0.341421927155      0.872802957572E-01
      32   -0.277852581642      0.394555701844     -0.130857712868    
      33   -0.165510206647      0.362496123999     -0.301998231090    
      34    0.222258251990      0.380620431741      0.236070659684    
      35    0.322566634713      0.379714669423      0.420420741102E-01
      36    0.248620783586      0.404972722594     -0.155514629292    
      37    0.627578762898E-01  0.345457079194     -0.355978728857    
      38    0.149470980750E-01  0.449550454777      0.218359732710    
      39   -0.136702156240      0.477714931979      0.556863021203E-01
      40   -0.282143020319E-01  0.472482168961     -0.161135201537    

   NODE        X                   Y                   Z
      41    0.121181890584      0.483060923088      0.443519332164E-01
      42    0.110128785064     -0.124295053798      0.471616783312    
      43   -0.156447999305     -0.208629884122      0.426611761400    
      44   -0.358770316530     -0.213694458472      0.274988251378    
      45   -0.457925123682     -0.170222555343      0.106437130519    
      46   -0.447642792302     -0.208322783549     -0.788514321675E-01
      47   -0.359339919949     -0.204256415591     -0.281343453134    
      48   -0.195340813257     -0.179384798827     -0.423866795852    
      49    0.224676830682E-01 -0.125784647027     -0.483397792496    
      50    0.333881876770     -0.204986980098      0.310649690737    
      51    0.441386807112     -0.215111429846      0.943650319629E-01
      52    0.427726881262     -0.217366944184     -0.140717186661    
      53    0.282737716172     -0.172374958077     -0.374628159222    
      54   -0.154050932078     -0.398347922837      0.259975465568    
      55   -0.343831947529     -0.352846538332      0.853165414550E-01
      56   -0.282962718813     -0.386144448450     -0.144307188642    
      57   -0.188588570866     -0.337058595070     -0.317530871614    
      58    0.203430394656E-01 -0.314574439953     -0.388109626876    
      59    0.897160321136E-01 -0.345687573661      0.349930185892    
      60    0.263183386274     -0.391392542662      0.165971029816    

   NODE        X                   Y                   Z
      61    0.331535029198     -0.373143783047     -0.291245873498E-01
      62    0.224982804907     -0.382050253856     -0.231128408086    
      63    0.499820613717E-01 -0.465808151472      0.174712791643    
      64   -0.113647027809     -0.485852409367      0.321214785276E-01
      65   -0.395180693055E-01 -0.453931554505     -0.205874879535    
      66    0.135065005114     -0.481090411759     -0.175914782593E-01
      67    0.282176800155     -0.135037359503E-01  0.668033656228E-01
      68    0.212991004909     -0.220609940264     -0.328805762059E-01
      69    0.497923795768E-01  0.235016045542E-01  0.137647862591    
      70    0.193671072131      0.194719606191      0.407919693523E-01
      71   -0.813782078774E-02 -0.374836610177E-02 -0.975734942630E-03
      72    0.185855284966      0.797703151877E-02 -0.199415354035    
      73   -0.839497074485E-01  0.183125331998     -0.153155207634    
      74   -0.410588116038E-01 -0.122231926225E-01 -0.171322470067    
      75   -0.134733850347E-01 -0.361201361811E-01 -0.345828956334    
      76   -0.302749308310E-01  0.224110792641      0.188846881907    
      77   -0.240226546972     -0.568810415639E-02 -0.181174252377    
      78   -0.239484056830      0.825216323137E-01  0.521630831063E-01
      79   -0.312217801809     -0.116517022252      0.725557208061E-01
      80   -0.142025032719     -0.687010100535E-01  0.229628240154E-01

   NODE        X                   Y                   Z
      81   -0.152941449651E-01 -0.219448604928      0.142588664576    
      82   -0.170141209811     -0.922892522727E-02  0.216645438068    
      83   -0.803156905036E-01 -0.220515195694     -0.144851321762    
      84    0.965468911467E-01 -0.838953474580E-02  0.308834453552    


